<?xml version="1.0" encoding="UTF-8"?>
<!-- Generated by org.testng.reporters.JUnitReportReporter -->
<testsuite skipped="3" hostname="NIKHIL" name="TestNG.TestNG8" tests="4" failures="0" timestamp="2022-06-08T00:44:52 IST" time="5.993" errors="1">
  <testcase name="enterCred" time="0.000" classname="TestNG.TestNG8">
    <skipped/>
  </testcase> <!-- enterCred -->
  <system-out/>
  <testcase name="enterCred" time="0.000" classname="TestNG.TestNG8">
    <skipped/>
  </testcase> <!-- enterCred -->
  <system-out/>
  <testcase name="enterCred" time="0.000" classname="TestNG.TestNG8">
    <skipped/>
  </testcase> <!-- enterCred -->
  <system-out/>
  <testcase name="setEnv" time="5.993" classname="TestNG.TestNG8">
    <error type="org.openqa.selenium.SessionNotCreatedException" message="session not created: This version of ChromeDriver only supports Chrome version 100
Current browser version is 102.0.5005.63 with binary path C:\Program Files\Google\Chrome\Application\chrome.exe
Build info: version: &#039;3.141.0&#039;, revision: &#039;2ecb7d9a&#039;, time: &#039;2018-10-31T20:22:46&#039;
System info: host: &#039;NIKHIL&#039;, ip: &#039;192.168.0.110&#039;, os.name: &#039;Windows 10&#039;, os.arch: &#039;amd64&#039;, os.version: &#039;10.0&#039;, java.version: &#039;1.8.0_202&#039;
Driver info: driver.version: ChromeDriver
remote stacktrace: Backtrace:
	Ordinal0 [0x003E7413+2389011]
	Ordinal0 [0x00379F61+1941345]
	Ordinal0 [0x0026C658+837208]
	Ordinal0 [0x0028C773+968563]
	Ordinal0 [0x0028837A+951162]
	Ordinal0 [0x00285C51+941137]
	Ordinal0 [0x002B8C80+1150080]
	Ordinal0 [0x002B88DA+1149146]
	Ordinal0 [0x002B3F66+1130342]
	Ordinal0 [0x0028E546+976198]
	Ordinal0 [0x0028F456+980054]
	GetHandleVerifier [0x00599632+1727522]
	GetHandleVerifier [0x0064BA4D+2457661]
	GetHandleVerifier [0x0047EB81+569713]
	GetHandleVerifier [0x0047DD76+566118]
	Ordinal0 [0x00380B2B+1968939]
	Ordinal0 [0x00385988+1989000]
	Ordinal0 [0x00385A75+1989237]
	Ordinal0 [0x0038ECB1+2026673]
	BaseThreadInitThunk [0x75C4FA29+25]
	RtlGetAppContainerNamedObjectPath [0x779D7A9E+286]
	RtlGetAppContainerNamedObjectPath [0x779D7A6E+238]
">
      <![CDATA[org.openqa.selenium.SessionNotCreatedException: session not created: This version of ChromeDriver only supports Chrome version 100
Current browser version is 102.0.5005.63 with binary path C:\Program Files\Google\Chrome\Application\chrome.exe
Build info: version: '3.141.0', revision: '2ecb7d9a', time: '2018-10-31T20:22:46'
System info: host: 'NIKHIL', ip: '192.168.0.110', os.name: 'Windows 10', os.arch: 'amd64', os.version: '10.0', java.version: '1.8.0_202'
Driver info: driver.version: ChromeDriver
remote stacktrace: Backtrace:
Ordinal0 [0x003E7413+2389011]
Ordinal0 [0x00379F61+1941345]
Ordinal0 [0x0026C658+837208]
Ordinal0 [0x0028C773+968563]
Ordinal0 [0x0028837A+951162]
Ordinal0 [0x00285C51+941137]
Ordinal0 [0x002B8C80+1150080]
Ordinal0 [0x002B88DA+1149146]
Ordinal0 [0x002B3F66+1130342]
Ordinal0 [0x0028E546+976198]
Ordinal0 [0x0028F456+980054]
GetHandleVerifier [0x00599632+1727522]
GetHandleVerifier [0x0064BA4D+2457661]
GetHandleVerifier [0x0047EB81+569713]
GetHandleVerifier [0x0047DD76+566118]
Ordinal0 [0x00380B2B+1968939]
Ordinal0 [0x00385988+1989000]
Ordinal0 [0x00385A75+1989237]
Ordinal0 [0x0038ECB1+2026673]
BaseThreadInitThunk [0x75C4FA29+25]
RtlGetAppContainerNamedObjectPath [0x779D7A9E+286]
RtlGetAppContainerNamedObjectPath [0x779D7A6E+238]

at sun.reflect.NativeConstructorAccessorImpl.newInstance0(Native Method)
at sun.reflect.NativeConstructorAccessorImpl.newInstance(Unknown Source)
at sun.reflect.DelegatingConstructorAccessorImpl.newInstance(Unknown Source)
at java.lang.reflect.Constructor.newInstance(Unknown Source)
at org.openqa.selenium.remote.W3CHandshakeResponse.lambda$errorHandler$0(W3CHandshakeResponse.java:62)
at org.openqa.selenium.remote.HandshakeResponse.lambda$getResponseFunction$0(HandshakeResponse.java:30)
at org.openqa.selenium.remote.ProtocolHandshake.lambda$createSession$0(ProtocolHandshake.java:123)
at java.util.stream.ReferencePipeline$3$1.accept(Unknown Source)
at java.util.Spliterators$ArraySpliterator.tryAdvance(Unknown Source)
at java.util.stream.ReferencePipeline.forEachWithCancel(Unknown Source)
at java.util.stream.AbstractPipeline.copyIntoWithCancel(Unknown Source)
at java.util.stream.AbstractPipeline.copyInto(Unknown Source)
at java.util.stream.AbstractPipeline.wrapAndCopyInto(Unknown Source)
at java.util.stream.FindOps$FindOp.evaluateSequential(Unknown Source)
at java.util.stream.AbstractPipeline.evaluate(Unknown Source)
at java.util.stream.ReferencePipeline.findFirst(Unknown Source)
at org.openqa.selenium.remote.ProtocolHandshake.createSession(ProtocolHandshake.java:125)
at org.openqa.selenium.remote.ProtocolHandshake.createSession(ProtocolHandshake.java:74)
at org.openqa.selenium.remote.HttpCommandExecutor.execute(HttpCommandExecutor.java:136)
at org.openqa.selenium.remote.service.DriverCommandExecutor.execute(DriverCommandExecutor.java:83)
at org.openqa.selenium.remote.RemoteWebDriver.execute(RemoteWebDriver.java:552)
at org.openqa.selenium.remote.RemoteWebDriver.startSession(RemoteWebDriver.java:213)
at org.openqa.selenium.remote.RemoteWebDriver.<init>(RemoteWebDriver.java:131)
at org.openqa.selenium.chrome.ChromeDriver.<init>(ChromeDriver.java:181)
at org.openqa.selenium.chrome.ChromeDriver.<init>(ChromeDriver.java:168)
at org.openqa.selenium.chrome.ChromeDriver.<init>(ChromeDriver.java:123)
at TestNG.TestNG8.setEnv(TestNG8.java:20)
at sun.reflect.NativeMethodAccessorImpl.invoke0(Native Method)
at sun.reflect.NativeMethodAccessorImpl.invoke(Unknown Source)
at sun.reflect.DelegatingMethodAccessorImpl.invoke(Unknown Source)
at java.lang.reflect.Method.invoke(Unknown Source)
at org.testng.internal.MethodInvocationHelper.invokeMethod(MethodInvocationHelper.java:133)
at org.testng.internal.MethodInvocationHelper.invokeMethodConsideringTimeout(MethodInvocationHelper.java:62)
at org.testng.internal.ConfigInvoker.invokeConfigurationMethod(ConfigInvoker.java:385)
at org.testng.internal.ConfigInvoker.invokeConfigurations(ConfigInvoker.java:321)
at org.testng.internal.TestMethodWorker.invokeBeforeClassMethods(TestMethodWorker.java:176)
at org.testng.internal.TestMethodWorker.run(TestMethodWorker.java:122)
at java.util.ArrayList.forEach(Unknown Source)
at org.testng.TestRunner.privateRun(TestRunner.java:794)
at org.testng.TestRunner.run(TestRunner.java:596)
at org.testng.SuiteRunner.runTest(SuiteRunner.java:377)
at org.testng.SuiteRunner.runSequentially(SuiteRunner.java:371)
at org.testng.SuiteRunner.privateRun(SuiteRunner.java:332)
at org.testng.SuiteRunner.run(SuiteRunner.java:276)
at org.testng.SuiteRunnerWorker.runSuite(SuiteRunnerWorker.java:53)
at org.testng.SuiteRunnerWorker.run(SuiteRunnerWorker.java:96)
at org.testng.TestNG.runSuitesSequentially(TestNG.java:1212)
at org.testng.TestNG.runSuitesLocally(TestNG.java:1134)
at org.testng.TestNG.runSuites(TestNG.java:1063)
at org.testng.TestNG.run(TestNG.java:1031)
at org.testng.remote.AbstractRemoteTestNG.run(AbstractRemoteTestNG.java:115)
at org.testng.remote.RemoteTestNG.initAndRun(RemoteTestNG.java:251)
at org.testng.remote.RemoteTestNG.main(RemoteTestNG.java:77)
]]>
    </error>
  </testcase> <!-- setEnv -->
  <system-out/>
</testsuite> <!-- TestNG.TestNG8 -->
